TN:
SF:server.js
FN:38,(anonymous_0)
FN:43,(anonymous_1)
FN:45,(anonymous_2)
FN:57,(anonymous_3)
FN:66,(anonymous_4)
FN:110,(anonymous_5)
FN:115,(anonymous_6)
FN:117,(anonymous_7)
FN:130,(anonymous_8)
FNF:9
FNH:5
FNDA:3,(anonymous_0)
FNDA:1,(anonymous_1)
FNDA:9,(anonymous_2)
FNDA:6,(anonymous_3)
FNDA:14,(anonymous_4)
FNDA:0,(anonymous_5)
FNDA:0,(anonymous_6)
FNDA:0,(anonymous_7)
FNDA:0,(anonymous_8)
DA:1,1
DA:2,1
DA:4,1
DA:5,1
DA:8,1
DA:14,1
DA:17,1
DA:29,1
DA:32,1
DA:33,1
DA:38,1
DA:39,3
DA:43,1
DA:44,1
DA:45,9
DA:47,1
DA:48,1
DA:53,0
DA:57,1
DA:58,6
DA:61,6
DA:62,1
DA:66,14
DA:67,5
DA:68,1
DA:74,4
DA:75,1
DA:81,3
DA:83,3
DA:94,3
DA:96,2
DA:97,2
DA:100,2
DA:102,2
DA:105,1
DA:110,1
DA:111,0
DA:115,1
DA:116,0
DA:117,0
DA:119,0
DA:120,0
DA:125,0
DA:129,1
DA:130,0
DA:131,0
DA:132,0
DA:133,0
DA:137,1
LF:49
LH:38
BRDA:5,0,0,1
BRDA:5,0,1,1
BRDA:47,1,0,1
BRDA:47,1,1,0
BRDA:61,2,0,1
BRDA:61,2,1,5
BRDA:61,3,0,6
BRDA:61,3,1,6
BRDA:61,3,2,5
BRDA:61,3,3,5
BRDA:67,4,0,1
BRDA:67,4,1,4
BRDA:74,5,0,1
BRDA:74,5,1,3
BRDA:91,6,0,2
BRDA:91,6,1,1
BRDA:94,7,0,2
BRDA:94,7,1,1
BRDA:119,8,0,0
BRDA:119,8,1,0
BRDA:129,9,0,0
BRDA:129,9,1,1
BRF:22
BRH:18
end_of_record
